2014-12-12T07:58:29,494Z [nREPL-worker-1] DEBUG rente.ws - WebSocket connection stopped
2014-12-12T07:58:29,501Z [nREPL-worker-1] DEBUG rente.ws - WebSocket connection started
2014-12-12T07:58:29,502Z [nREPL-worker-1] DEBUG rente.app - Application logic started
2014-12-12T07:58:29,502Z [nREPL-worker-1] DEBUG rente.server - HTTP server stopped
2014-12-12T07:58:29,537Z [nREPL-worker-1] DEBUG rente.server - HTTP server started
2014-12-12T07:58:38,425Z [nREPL-worker-1] INFO  rente.run - rente started
2014-12-12T08:01:43,728Z [nREPL-worker-0] DEBUG rente.ws - WebSocket connection stopped
2014-12-12T08:01:43,735Z [nREPL-worker-0] DEBUG rente.ws - WebSocket connection started
2014-12-12T08:01:43,736Z [nREPL-worker-0] DEBUG rente.app - Application logic started
2014-12-12T08:01:43,736Z [nREPL-worker-0] DEBUG rente.server - HTTP server stopped
2014-12-12T08:01:43,757Z [nREPL-worker-0] DEBUG rente.server - HTTP server started
2014-12-12T08:02:52,648Z [nREPL-worker-2] DEBUG rente.ws - WebSocket connection stopped
2014-12-12T08:02:52,648Z [nREPL-worker-2] DEBUG rente.ws - WebSocket connection started
2014-12-12T08:02:52,648Z [nREPL-worker-2] DEBUG rente.app - Application logic started
2014-12-12T08:02:52,648Z [nREPL-worker-2] DEBUG rente.server - HTTP server stopped
2014-12-12T08:04:54,128Z [nREPL-worker-0] DEBUG rente.ws - WebSocket connection stopped
2014-12-12T08:04:54,134Z [nREPL-worker-0] DEBUG rente.ws - WebSocket connection started
2014-12-12T08:04:54,134Z [nREPL-worker-0] DEBUG rente.app - Application logic started
2014-12-12T08:04:54,135Z [nREPL-worker-0] DEBUG rente.server - HTTP server stopped
2014-12-12T08:04:54,152Z [nREPL-worker-0] DEBUG rente.server - HTTP server started
